<?xml version="1.0" encoding="UTF-8"?>
<!-- Generated by org.testng.reporters.JUnitXMLReporter -->
<testsuite ignored="0" hostname="Abhisheks-Laptop.local" failures="1" tests="2" name="Test3" time="9.262" errors="0" timestamp="2024-05-29T14:27:18 IST">
  <testcase classname="com.mkt.test.amazon.BaseLanchQuit" name="launchBrowser" time="2.564"/>
  <testcase classname="com.mkt.test.amazon.TestCase3_Verify_incorrect_emailPassword_notAllowed_to_login" name="incorrect_Email_Password_Not_allowed_Login" time="2.008">
    <failure type="java.lang.NullPointerException" message="Cannot invoke &amp;quot;org.openqa.selenium.SearchContext.findElement(org.openqa.selenium.By)&amp;quot; because &amp;quot;this.searchContext&amp;quot; is null">
      <![CDATA[java.lang.NullPointerException: Cannot invoke "org.openqa.selenium.SearchContext.findElement(org.openqa.selenium.By)" because "this.searchContext" is null
at org.openqa.selenium.support.pagefactory.DefaultElementLocator.findElement(DefaultElementLocator.java:68)
at org.openqa.selenium.support.pagefactory.internal.LocatingElementHandler.invoke(LocatingElementHandler.java:38)
at jdk.proxy2/jdk.proxy2.$Proxy13.sendKeys(Unknown Source)
at com.mkt.source.amazon.Login_Amazon_Page.email(Login_Amazon_Page.java:29)
at com.mkt.test.amazon.TestCase3_Verify_incorrect_emailPassword_notAllowed_to_login.incorrect_Email_Password_Not_allowed_Login(TestCase3_Verify_incorrect_emailPassword_notAllowed_to_login.java:17)
at java.base/java.util.ArrayList.forEach(ArrayList.java:1511)
... Removed 27 stack frames]]>
    </failure>
  </testcase> <!-- incorrect_Email_Password_Not_allowed_Login -->
</testsuite> <!-- Test3 -->
